# JRE version: Java(TM) SE Runtime Environment (8.0_25-b18) (build 1.8.0_25-b18)
# Java VM: Java HotSpot(TM) Client VM (25.25-b02 mixed mode windows-x86 )
Heap:
 def new generation   total 18624K, used 1940K [0x03e00000, 0x05230000, 0x19350000)
  eden space 16576K,   0% used [0x03e00000, 0x03e00000, 0x04e30000)
  from space 2048K,  94% used [0x04e30000, 0x05015200, 0x05030000)
  to   space 2048K,   0% used [0x05030000, 0x05030000, 0x05230000)
 tenured generation   total 42552K, used 42483K [0x19350000, 0x1bcde000, 0x43e00000)
   the space 42552K,  99% used [0x19350000, 0x1bcccdd8, 0x1bccce00, 0x1bcde000)
 Metaspace       used 27271K, capacity 27916K, committed 28032K, reserved 28032K
GC Heap History (10 events):
Event: 18.196 GC heap after
Heap after GC invocations=90 (full 4):
 def new generation   total 18624K, used 1654K [0x03e00000, 0x05230000, 0x19350000)
  eden space 16576K,   0% used [0x03e00000, 0x03e00000, 0x04e30000)
  from space 2048K,  80% used [0x05030000, 0x051cdaa8, 0x05230000)
  to   space 2048K,   0% used [0x04e30000, 0x04e30000, 0x05030000)
 tenured generation   total 41272K, used 31263K [0x19350000, 0x1bb9e000, 0x43e00000)
   the space 41272K,  75% used [0x19350000, 0x1b1d7f08, 0x1b1d8000, 0x1bb9e000)
 Metaspace       used 22752K, capacity 23295K, committed 23424K, reserved 23936K
}
Event: 20.038 GC heap before
{Heap before GC invocations=90 (full 4):
 def new generation   total 18624K, used 18230K [0x03e00000, 0x05230000, 0x19350000)
  eden space 16576K, 100% used [0x03e00000, 0x04e30000, 0x04e30000)
  from space 2048K,  80% used [0x05030000, 0x051cdaa8, 0x05230000)
  to   space 2048K,   0% used [0x04e30000, 0x04e30000, 0x05030000)
 tenured generation   total 41272K, used 31263K [0x19350000, 0x1bb9e000, 0x43e00000)
   the space 41272K,  75% used [0x19350000, 0x1b1d7f08, 0x1b1d8000, 0x1bb9e000)
 Metaspace       used 23374K, capacity 23946K, committed 24064K, reserved 24960K
Event: 20.046 GC heap after
Heap after GC invocations=91 (full 4):
 def new generation   total 18624K, used 971K [0x03e00000, 0x05230000, 0x19350000)
  eden space 16576K,   0% used [0x03e00000, 0x03e00000, 0x04e30000)
  from space 2048K,  47% used [0x04e30000, 0x04f22ce8, 0x05030000)
  to   space 2048K,   0% used [0x05030000, 0x05030000, 0x05230000)
 tenured generation   total 41272K, used 32173K [0x19350000, 0x1bb9e000, 0x43e00000)
   the space 41272K,  77% used [0x19350000, 0x1b2bb6d8, 0x1b2bb800, 0x1bb9e000)
 Metaspace       used 23374K, capacity 23946K, committed 24064K, reserved 24960K
}
Event: 26.270 GC heap before
{Heap before GC invocations=91 (full 4):
 def new generation   total 18624K, used 17547K [0x03e00000, 0x05230000, 0x19350000)
  eden space 16576K, 100% used [0x03e00000, 0x04e30000, 0x04e30000)
  from space 2048K,  47% used [0x04e30000, 0x04f22ce8, 0x05030000)
  to   space 2048K,   0% used [0x05030000, 0x05030000, 0x05230000)
 tenured generation   total 41272K, used 32173K [0x19350000, 0x1bb9e000, 0x43e00000)
   the space 41272K,  77% used [0x19350000, 0x1b2bb6d8, 0x1b2bb800, 0x1bb9e000)
 Metaspace       used 25760K, capacity 26358K, committed 26496K, reserved 27008K
Event: 26.281 GC heap after
Heap after GC invocations=92 (full 4):
 def new generation   total 18624K, used 2048K [0x03e00000, 0x05230000, 0x19350000)
  eden space 16576K,   0% used [0x03e00000, 0x03e00000, 0x04e30000)
  from space 2048K, 100% used [0x05030000, 0x05230000, 0x05230000)
  to   space 2048K,   0% used [0x04e30000, 0x04e30000, 0x05030000)
 tenured generation   total 41272K, used 33622K [0x19350000, 0x1bb9e000, 0x43e00000)
   the space 41272K,  81% used [0x19350000, 0x1b425a58, 0x1b425c00, 0x1bb9e000)
 Metaspace       used 25760K, capacity 26358K, committed 26496K, reserved 27008K
}
Event: 26.765 GC heap before
{Heap before GC invocations=92 (full 4):
 def new generation   total 18624K, used 18624K [0x03e00000, 0x05230000, 0x19350000)
  eden space 16576K, 100% used [0x03e00000, 0x04e30000, 0x04e30000)
  from space 2048K, 100% used [0x05030000, 0x05230000, 0x05230000)
  to   space 2048K,   0% used [0x04e30000, 0x04e30000, 0x05030000)
 tenured generation   total 41272K, used 33622K [0x19350000, 0x1bb9e000, 0x43e00000)
   the space 41272K,  81% used [0x19350000, 0x1b425a58, 0x1b425c00, 0x1bb9e000)
 Metaspace       used 25862K, capacity 26486K, committed 26624K, reserved 27008K
Event: 26.791 GC heap after
Heap after GC invocations=93 (full 4):
 def new generation   total 18624K, used 2048K [0x03e00000, 0x05230000, 0x19350000)
  eden space 16576K,   0% used [0x03e00000, 0x03e00000, 0x04e30000)
  from space 2048K, 100% used [0x04e30000, 0x05030000, 0x05030000)
  to   space 2048K,   0% used [0x05030000, 0x05030000, 0x05230000)
 tenured generation   total 41272K, used 39141K [0x19350000, 0x1bb9e000, 0x43e00000)
   the space 41272K,  94% used [0x19350000, 0x1b989778, 0x1b989800, 0x1bb9e000)
 Metaspace       used 25862K, capacity 26486K, committed 26624K, reserved 27008K
}
Event: 34.677 GC heap before
{Heap before GC invocations=93 (full 4):
 def new generation   total 18624K, used 18612K [0x03e00000, 0x05230000, 0x19350000)
  eden space 16576K,  99% used [0x03e00000, 0x04e2d0a8, 0x04e30000)
  from space 2048K, 100% used [0x04e30000, 0x05030000, 0x05030000)
  to   space 2048K,   0% used [0x05030000, 0x05030000, 0x05230000)
 tenured generation   total 41272K, used 39141K [0x19350000, 0x1bb9e000, 0x43e00000)
   the space 41272K,  94% used [0x19350000, 0x1b989778, 0x1b989800, 0x1bb9e000)
 Metaspace       used 26775K, capacity 27434K, committed 27520K, reserved 28032K
Event: 34.693 GC heap after
Heap after GC invocations=94 (full 4):
 def new generation   total 18624K, used 1828K [0x03e00000, 0x05230000, 0x19350000)
  eden space 16576K,   0% used [0x03e00000, 0x03e00000, 0x04e30000)
  from space 2048K,  89% used [0x05030000, 0x051f90b0, 0x05230000)
  to   space 2048K,   0% used [0x04e30000, 0x04e30000, 0x05030000)
 tenured generation   total 41272K, used 41166K [0x19350000, 0x1bb9e000, 0x43e00000)
   the space 41272K,  99% used [0x19350000, 0x1bb83b60, 0x1bb83c00, 0x1bb9e000)
 Metaspace       used 26775K, capacity 27434K, committed 27520K, reserved 28032K
}
Event: 36.334 GC heap before
{Heap before GC invocations=94 (full 4):
 def new generation   total 18624K, used 18404K [0x03e00000, 0x05230000, 0x19350000)
  eden space 16576K, 100% used [0x03e00000, 0x04e30000, 0x04e30000)
  from space 2048K,  89% used [0x05030000, 0x051f90b0, 0x05230000)
  to   space 2048K,   0% used [0x04e30000, 0x04e30000, 0x05030000)
 tenured generation   total 41272K, used 41166K [0x19350000, 0x1bb9e000, 0x43e00000)
   the space 41272K,  99% used [0x19350000, 0x1bb83b60, 0x1bb83c00, 0x1bb9e000)
 Metaspace       used 27271K, capacity 27916K, committed 28032K, reserved 28032K

