# JRE version: Java(TM) SE Runtime Environment (8.0_25-b18) (build 1.8.0_25-b18)
# Java VM: Java HotSpot(TM) Client VM (25.25-b02 mixed mode windows-x86 )
Heap:
 def new generation   total 36288K, used 36288K [0x03e00000, 0x06550000, 0x19350000)
  eden space 32320K, 100% used [0x03e00000, 0x05d90000, 0x05d90000)
  from space 3968K, 100% used [0x06170000, 0x06550000, 0x06550000)
  to   space 3968K,  87% used [0x05d90000, 0x060ef358, 0x06170000)
 tenured generation   total 699072K, used 52935K [0x19350000, 0x43e00000, 0x43e00000)
   the space 699072K,   7% used [0x19350000, 0x1c701f10, 0x1c702000, 0x43e00000)
 Metaspace       used 34994K, capacity 36012K, committed 36096K, reserved 36224K
GC Heap History (10 events):
Event: 1096.489 GC heap after
Heap after GC invocations=107 (full 6):
 def new generation   total 29760K, used 3250K [0x03e00000, 0x05e40000, 0x19350000)
  eden space 26496K,   0% used [0x03e00000, 0x03e00000, 0x057e0000)
  from space 3264K,  99% used [0x057e0000, 0x05b0cbb8, 0x05b10000)
  to   space 3264K,   0% used [0x05b10000, 0x05b10000, 0x05e40000)
 tenured generation   total 65988K, used 62820K [0x19350000, 0x1d3c1000, 0x43e00000)
   the space 65988K,  95% used [0x19350000, 0x1d0a91d0, 0x1d0a9200, 0x1d3c1000)
 Metaspace       used 32843K, capacity 33768K, committed 33792K, reserved 34176K
}
Event: 1096.658 GC heap before
{Heap before GC invocations=107 (full 6):
 def new generation   total 29760K, used 7741K [0x03e00000, 0x05e40000, 0x19350000)
  eden space 26496K,  16% used [0x03e00000, 0x04262af8, 0x057e0000)
  from space 3264K,  99% used [0x057e0000, 0x05b0cbb8, 0x05b10000)
  to   space 3264K,   0% used [0x05b10000, 0x05b10000, 0x05e40000)
 tenured generation   total 65988K, used 62820K [0x19350000, 0x1d3c1000, 0x43e00000)
   the space 65988K,  95% used [0x19350000, 0x1d0a91d0, 0x1d0a9200, 0x1d3c1000)
 Metaspace       used 32875K, capacity 33814K, committed 33920K, reserved 34176K
Event: 1096.836 GC heap after
Heap after GC invocations=108 (full 7):
 def new generation   total 36288K, used 0K [0x03e00000, 0x06550000, 0x19350000)
  eden space 32320K,   0% used [0x03e00000, 0x03e00000, 0x05d90000)
  from space 3968K,   0% used [0x05d90000, 0x05d90000, 0x06170000)
  to   space 3968K,   0% used [0x06170000, 0x06170000, 0x06550000)
 tenured generation   total 80428K, used 48254K [0x19350000, 0x1e1db000, 0x43e00000)
   the space 80428K,  59% used [0x19350000, 0x1c26fbd8, 0x1c26fc00, 0x1e1db000)
 Metaspace       used 32541K, capacity 33322K, committed 33920K, reserved 34176K
}
Event: 1157.668 GC heap before
{Heap before GC invocations=108 (full 7):
 def new generation   total 36288K, used 32320K [0x03e00000, 0x06550000, 0x19350000)
  eden space 32320K, 100% used [0x03e00000, 0x05d90000, 0x05d90000)
  from space 3968K,   0% used [0x05d90000, 0x05d90000, 0x06170000)
  to   space 3968K,   0% used [0x06170000, 0x06170000, 0x06550000)
 tenured generation   total 80428K, used 48254K [0x19350000, 0x1e1db000, 0x43e00000)
   the space 80428K,  59% used [0x19350000, 0x1c26fbd8, 0x1c26fc00, 0x1e1db000)
 Metaspace       used 32613K, capacity 33412K, committed 33920K, reserved 34176K
Event: 1157.678 GC heap after
Heap after GC invocations=109 (full 7):
 def new generation   total 36288K, used 1224K [0x03e00000, 0x06550000, 0x19350000)
  eden space 32320K,   0% used [0x03e00000, 0x03e00000, 0x05d90000)
  from space 3968K,  30% used [0x06170000, 0x062a2108, 0x06550000)
  to   space 3968K,   0% used [0x05d90000, 0x05d90000, 0x06170000)
 tenured generation   total 80428K, used 48254K [0x19350000, 0x1e1db000, 0x43e00000)
   the space 80428K,  59% used [0x19350000, 0x1c26fbd8, 0x1c26fc00, 0x1e1db000)
 Metaspace       used 32613K, capacity 33412K, committed 33920K, reserved 34176K
}
Event: 1158.610 GC heap before
{Heap before GC invocations=109 (full 7):
 def new generation   total 36288K, used 33544K [0x03e00000, 0x06550000, 0x19350000)
  eden space 32320K, 100% used [0x03e00000, 0x05d90000, 0x05d90000)
  from space 3968K,  30% used [0x06170000, 0x062a2108, 0x06550000)
  to   space 3968K,   0% used [0x05d90000, 0x05d90000, 0x06170000)
 tenured generation   total 80428K, used 48254K [0x19350000, 0x1e1db000, 0x43e00000)
   the space 80428K,  59% used [0x19350000, 0x1c26fbd8, 0x1c26fc00, 0x1e1db000)
 Metaspace       used 32689K, capacity 33577K, committed 33920K, reserved 34176K
Event: 1158.621 GC heap after
Heap after GC invocations=110 (full 7):
 def new generation   total 36288K, used 2518K [0x03e00000, 0x06550000, 0x19350000)
  eden space 32320K,   0% used [0x03e00000, 0x03e00000, 0x05d90000)
  from space 3968K,  63% used [0x05d90000, 0x06005880, 0x06170000)
  to   space 3968K,   0% used [0x06170000, 0x06170000, 0x06550000)
 tenured generation   total 80428K, used 48254K [0x19350000, 0x1e1db000, 0x43e00000)
   the space 80428K,  59% used [0x19350000, 0x1c26fbd8, 0x1c26fc00, 0x1e1db000)
 Metaspace       used 32689K, capacity 33577K, committed 33920K, reserved 34176K
}
Event: 1159.154 GC heap before
{Heap before GC invocations=110 (full 7):
 def new generation   total 36288K, used 34838K [0x03e00000, 0x06550000, 0x19350000)
  eden space 32320K, 100% used [0x03e00000, 0x05d90000, 0x05d90000)
  from space 3968K,  63% used [0x05d90000, 0x06005880, 0x06170000)
  to   space 3968K,   0% used [0x06170000, 0x06170000, 0x06550000)
 tenured generation   total 80428K, used 48254K [0x19350000, 0x1e1db000, 0x43e00000)
   the space 80428K,  59% used [0x19350000, 0x1c26fbd8, 0x1c26fc00, 0x1e1db000)
 Metaspace       used 34191K, capacity 35142K, committed 35328K, reserved 36224K
Event: 1159.176 GC heap after
Heap after GC invocations=111 (full 7):
 def new generation   total 36288K, used 3968K [0x03e00000, 0x06550000, 0x19350000)
  eden space 32320K,   0% used [0x03e00000, 0x03e00000, 0x05d90000)
  from space 3968K, 100% used [0x06170000, 0x06550000, 0x06550000)
  to   space 3968K,   0% used [0x05d90000, 0x05d90000, 0x06170000)
 tenured generation   total 80428K, used 51103K [0x19350000, 0x1e1db000, 0x43e00000)
   the space 80428K,  63% used [0x19350000, 0x1c537ee0, 0x1c538000, 0x1e1db000)
 Metaspace       used 34191K, capacity 35142K, committed 35328K, reserved 36224K
}
Event: 1159.709 GC heap before
{Heap before GC invocations=111 (full 7):
 def new generation   total 36288K, used 36288K [0x03e00000, 0x06550000, 0x19350000)
  eden space 32320K, 100% used [0x03e00000, 0x05d90000, 0x05d90000)
  from space 3968K, 100% used [0x06170000, 0x06550000, 0x06550000)
  to   space 3968K,   0% used [0x05d90000, 0x05d90000, 0x06170000)
 tenured generation   total 80428K, used 51103K [0x19350000, 0x1e1db000, 0x43e00000)
   the space 80428K,  63% used [0x19350000, 0x1c537ee0, 0x1c538000, 0x1e1db000)
 Metaspace       used 34994K, capacity 36012K, committed 36096K, reserved 36224K

